<?xml version="1.0" encoding="UTF-8"?>
<!-- Generated by org.testng.reporters.JUnitReportReporter -->
<testsuite hostname="LAPTOP-K7BUSKV8" failures="0" tests="1" name="testcases.verifyregistrationtestcases" time="9.060" errors="0" timestamp="2024-04-24T21:36:25 IST" skipped="0">
  <testcase classname="testcases.verifyregistrationtestcases" name="verifyregistrationwithvaliddata" time="9.060"/>
  <system-out/>
</testsuite> <!-- testcases.verifyregistrationtestcases -->
