<?xml version="1.0" encoding="UTF-8"?>
<!-- Generated by org.testng.reporters.JUnitReportReporter -->
<testsuite hostname="LAPTOP-K7BUSKV8" failures="0" tests="1" name="Testngconcept.demo1" time="0.017" errors="0" timestamp="2024-04-20T22:46:34 IST" skipped="0">
  <testcase classname="Testngconcept.demo1" name="method1" time="0.017"/>
  <system-out/>
</testsuite> <!-- Testngconcept.demo1 -->
