<?xml version="1.0" encoding="UTF-8"?>
<!-- Generated by org.testng.reporters.JUnitReportReporter -->
<testsuite hostname="LAPTOP-K7BUSKV8" failures="0" tests="1" name="testcases.verifyLoginTestcases" time="4.344" errors="0" timestamp="2024-04-24T21:36:25 IST" skipped="0">
  <testcase classname="testcases.verifyLoginTestcases" name="varifyLoginwithValidData" time="4.344"/>
  <system-out/>
</testsuite> <!-- testcases.verifyLoginTestcases -->
